<?xml version="1.0" encoding="UTF-8"?>
<!-- Generated by org.testng.reporters.JUnitXMLReporter -->
<testsuite hostname="DESKTOP-M096LDG" name="Test" tests="3" failures="0" timestamp="28 Oct 2019 05:40:41 GMT" time="19.261" errors="0">
  <testcase name="OpenBrowser" time="19.243" classname="Maven.Project.SeleniumOpenBrowser"/>
  <testcase name="test1" time="0.0" classname="Maven.Project.JavaProgram"/>
  <testcase name="StrinProgram" time="0.0" classname="Maven.Project.Strings_Removenumbers"/>
</testsuite> <!-- Test -->
