<?xml version="1.0" encoding="UTF-8"?>
<testng-results skipped="0" failed="0" total="1" passed="1">
  <reporter-output>
  </reporter-output>
  <suite name="Suite" duration-ms="17768" started-at="2019-10-23T09:45:54Z" finished-at="2019-10-23T09:46:12Z">
    <groups>
    </groups>
    <test name="Test" duration-ms="17768" started-at="2019-10-23T09:45:54Z" finished-at="2019-10-23T09:46:12Z">
      <class name="Maven.Project.SeleniumOpenBrowser">
        <test-method status="PASS" signature="OpenBrowser()[pri:0, instance:Maven.Project.SeleniumOpenBrowser@6537cf78]" name="OpenBrowser" duration-ms="17751" started-at="2019-10-23T15:15:54Z" finished-at="2019-10-23T15:16:12Z">
          <reporter-output>
          </reporter-output>
        </test-method> <!-- OpenBrowser -->
      </class> <!-- Maven.Project.SeleniumOpenBrowser -->
    </test> <!-- Test -->
  </suite> <!-- Suite -->
</testng-results>
