<?xml version="1.0" encoding="UTF-8"?>
<testng-results skipped="0" failed="0" total="3" passed="3">
  <reporter-output>
  </reporter-output>
  <suite name="Suite" duration-ms="19261" started-at="2019-10-28T05:40:21Z" finished-at="2019-10-28T05:40:41Z">
    <groups>
    </groups>
    <test name="Test" duration-ms="19261" started-at="2019-10-28T05:40:21Z" finished-at="2019-10-28T05:40:41Z">
      <class name="Maven.Project.Strings_Removenumbers">
        <test-method status="PASS" signature="StrinProgram()[pri:0, instance:Maven.Project.Strings_Removenumbers@2cb4c3ab]" name="StrinProgram" duration-ms="0" started-at="2019-10-28T11:10:41Z" finished-at="2019-10-28T11:10:41Z">
          <reporter-output>
          </reporter-output>
        </test-method> <!-- StrinProgram -->
      </class> <!-- Maven.Project.Strings_Removenumbers -->
      <class name="Maven.Project.SeleniumOpenBrowser">
        <test-method status="PASS" signature="OpenBrowser()[pri:0, instance:Maven.Project.SeleniumOpenBrowser@50f8360d]" name="OpenBrowser" duration-ms="19243" started-at="2019-10-28T11:10:21Z" finished-at="2019-10-28T11:10:41Z">
          <reporter-output>
          </reporter-output>
        </test-method> <!-- OpenBrowser -->
      </class> <!-- Maven.Project.SeleniumOpenBrowser -->
      <class name="Maven.Project.JavaProgram">
        <test-method status="PASS" signature="test1()[pri:0, instance:Maven.Project.JavaProgram@34b7bfc0]" name="test1" duration-ms="0" started-at="2019-10-28T11:10:41Z" finished-at="2019-10-28T11:10:41Z">
          <reporter-output>
          </reporter-output>
        </test-method> <!-- test1 -->
      </class> <!-- Maven.Project.JavaProgram -->
    </test> <!-- Test -->
  </suite> <!-- Suite -->
</testng-results>
