<?xml version="1.0" encoding="UTF-8"?>
<testng-results skipped="0" failed="0" total="1" passed="1">
  <reporter-output>
  </reporter-output>
  <suite name="Default suite" duration-ms="13499" started-at="2019-10-22T17:33:27Z" finished-at="2019-10-22T17:33:41Z">
    <groups>
    </groups>
    <test name="Default test" duration-ms="13499" started-at="2019-10-22T17:33:27Z" finished-at="2019-10-22T17:33:41Z">
      <class name="Maven.Project.SeleniumOpenBrowser">
        <test-method status="PASS" signature="OpenBrowser()[pri:0, instance:Maven.Project.SeleniumOpenBrowser@55f3ddb1]" name="OpenBrowser" duration-ms="13478" started-at="2019-10-22T23:03:27Z" finished-at="2019-10-22T23:03:41Z">
          <reporter-output>
          </reporter-output>
        </test-method> <!-- OpenBrowser -->
      </class> <!-- Maven.Project.SeleniumOpenBrowser -->
    </test> <!-- Default test -->
  </suite> <!-- Default suite -->
</testng-results>
